# JRE version: OpenJDK Runtime Environment (17.0.10) (build 17.0.10+0--11609105)
# Java VM: OpenJDK 64-Bit Server VM (17.0.10+0--11609105, mixed mode, tiered, compressed oops, compressed class ptrs, g1 gc, windows-amd64)
GC Precious Log:
 CPUs: 12 total, 12 available
 Memory: 7521M
 Large Page Support: Disabled
 NUMA Support: Disabled
 Compressed Oops: Enabled (32-bit)
 Heap Region Size: 1M
 Heap Min Capacity: 8M
 Heap Initial Capacity: 118M
 Heap Max Capacity: 1882M
 Pre-touch: Disabled
 Parallel Workers: 10
 Concurrent Workers: 3
 Concurrent Refinement Workers: 10
 Periodic GC: Disabled
Heap:
 garbage-first heap   total 120832K, used 57344K [0x000000008a600000, 0x0000000100000000)
  region size 1024K, 4 young (4096K), 4 survivors (4096K)
 Metaspace       used 66778K, committed 67136K, reserved 1114112K
  class space    used 7693K, committed 7872K, reserved 1048576K
GC Heap History (20 events):
Event: 2.561 GC heap after
{Heap after GC invocations=12 (full 0):
 garbage-first heap   total 61440K, used 27176K [0x000000008a600000, 0x0000000100000000)
  region size 1024K, 4 young (4096K), 4 survivors (4096K)
 Metaspace       used 46659K, committed 46912K, reserved 1114112K
  class space    used 5717K, committed 5824K, reserved 1048576K
}
Event: 2.872 GC heap before
{Heap before GC invocations=12 (full 0):
 garbage-first heap   total 61440K, used 47656K [0x000000008a600000, 0x0000000100000000)
  region size 1024K, 24 young (24576K), 4 survivors (4096K)
 Metaspace       used 50111K, committed 50304K, reserved 1114112K
  class space    used 6116K, committed 6208K, reserved 1048576K
}
Event: 2.885 GC heap after
{Heap after GC invocations=13 (full 0):
 garbage-first heap   total 73728K, used 29860K [0x000000008a600000, 0x0000000100000000)
  region size 1024K, 3 young (3072K), 3 survivors (3072K)
 Metaspace       used 50111K, committed 50304K, reserved 1114112K
  class space    used 6116K, committed 6208K, reserved 1048576K
}
Event: 3.287 GC heap before
{Heap before GC invocations=13 (full 0):
 garbage-first heap   total 73728K, used 54436K [0x000000008a600000, 0x0000000100000000)
  region size 1024K, 27 young (27648K), 3 survivors (3072K)
 Metaspace       used 51561K, committed 51776K, reserved 1114112K
  class space    used 6189K, committed 6272K, reserved 1048576K
}
Event: 3.300 GC heap after
{Heap after GC invocations=14 (full 0):
 garbage-first heap   total 73728K, used 34662K [0x000000008a600000, 0x0000000100000000)
  region size 1024K, 4 young (4096K), 4 survivors (4096K)
 Metaspace       used 51561K, committed 51776K, reserved 1114112K
  class space    used 6189K, committed 6272K, reserved 1048576K
}
Event: 3.421 GC heap before
{Heap before GC invocations=14 (full 0):
 garbage-first heap   total 73728K, used 55142K [0x000000008a600000, 0x0000000100000000)
  region size 1024K, 24 young (24576K), 4 survivors (4096K)
 Metaspace       used 51764K, committed 51968K, reserved 1114112K
  class space    used 6191K, committed 6272K, reserved 1048576K
}
Event: 3.428 GC heap after
{Heap after GC invocations=15 (full 0):
 garbage-first heap   total 73728K, used 36251K [0x000000008a600000, 0x0000000100000000)
  region size 1024K, 2 young (2048K), 2 survivors (2048K)
 Metaspace       used 51764K, committed 51968K, reserved 1114112K
  class space    used 6191K, committed 6272K, reserved 1048576K
}
Event: 3.684 GC heap before
{Heap before GC invocations=15 (full 0):
 garbage-first heap   total 73728K, used 56731K [0x000000008a600000, 0x0000000100000000)
  region size 1024K, 22 young (22528K), 2 survivors (2048K)
 Metaspace       used 53688K, committed 53952K, reserved 1114112K
  class space    used 6391K, committed 6464K, reserved 1048576K
}
Event: 3.694 GC heap after
{Heap after GC invocations=16 (full 0):
 garbage-first heap   total 73728K, used 38912K [0x000000008a600000, 0x0000000100000000)
  region size 1024K, 3 young (3072K), 3 survivors (3072K)
 Metaspace       used 53688K, committed 53952K, reserved 1114112K
  class space    used 6391K, committed 6464K, reserved 1048576K
}
Event: 3.924 GC heap before
{Heap before GC invocations=17 (full 0):
 garbage-first heap   total 73728K, used 57344K [0x000000008a600000, 0x0000000100000000)
  region size 1024K, 21 young (21504K), 3 survivors (3072K)
 Metaspace       used 54458K, committed 54720K, reserved 1114112K
  class space    used 6478K, committed 6592K, reserved 1048576K
}
Event: 3.933 GC heap after
{Heap after GC invocations=18 (full 0):
 garbage-first heap   total 73728K, used 41672K [0x000000008a600000, 0x0000000100000000)
  region size 1024K, 3 young (3072K), 3 survivors (3072K)
 Metaspace       used 54458K, committed 54720K, reserved 1114112K
  class space    used 6478K, committed 6592K, reserved 1048576K
}
Event: 3.938 GC heap before
{Heap before GC invocations=18 (full 0):
 garbage-first heap   total 73728K, used 42696K [0x000000008a600000, 0x0000000100000000)
  region size 1024K, 4 young (4096K), 3 survivors (3072K)
 Metaspace       used 54460K, committed 54720K, reserved 1114112K
  class space    used 6479K, committed 6592K, reserved 1048576K
}
Event: 3.942 GC heap after
{Heap after GC invocations=19 (full 0):
 garbage-first heap   total 105472K, used 41231K [0x000000008a600000, 0x0000000100000000)
  region size 1024K, 1 young (1024K), 1 survivors (1024K)
 Metaspace       used 54460K, committed 54720K, reserved 1114112K
  class space    used 6479K, committed 6592K, reserved 1048576K
}
Event: 4.570 GC heap before
{Heap before GC invocations=19 (full 0):
 garbage-first heap   total 105472K, used 78095K [0x000000008a600000, 0x0000000100000000)
  region size 1024K, 37 young (37888K), 1 survivors (1024K)
 Metaspace       used 56006K, committed 56192K, reserved 1114112K
  class space    used 6582K, committed 6656K, reserved 1048576K
}
Event: 4.579 GC heap after
{Heap after GC invocations=20 (full 0):
 garbage-first heap   total 105472K, used 45604K [0x000000008a600000, 0x0000000100000000)
  region size 1024K, 5 young (5120K), 5 survivors (5120K)
 Metaspace       used 56006K, committed 56192K, reserved 1114112K
  class space    used 6582K, committed 6656K, reserved 1048576K
}
Event: 5.464 GC heap before
{Heap before GC invocations=20 (full 0):
 garbage-first heap   total 105472K, used 79396K [0x000000008a600000, 0x0000000100000000)
  region size 1024K, 38 young (38912K), 5 survivors (5120K)
 Metaspace       used 58953K, committed 59264K, reserved 1114112K
  class space    used 6878K, committed 7040K, reserved 1048576K
}
Event: 5.475 GC heap after
{Heap after GC invocations=21 (full 0):
 garbage-first heap   total 105472K, used 49660K [0x000000008a600000, 0x0000000100000000)
  region size 1024K, 4 young (4096K), 4 survivors (4096K)
 Metaspace       used 58953K, committed 59264K, reserved 1114112K
  class space    used 6878K, committed 7040K, reserved 1048576K
}
Event: 5.977 GC heap before
{Heap before GC invocations=21 (full 0):
 garbage-first heap   total 105472K, used 81404K [0x000000008a600000, 0x0000000100000000)
  region size 1024K, 35 young (35840K), 4 survivors (4096K)
 Metaspace       used 64770K, committed 65088K, reserved 1114112K
  class space    used 7467K, committed 7616K, reserved 1048576K
}
Event: 5.990 GC heap after
{Heap after GC invocations=22 (full 0):
 garbage-first heap   total 105472K, used 52955K [0x000000008a600000, 0x0000000100000000)
  region size 1024K, 4 young (4096K), 4 survivors (4096K)
 Metaspace       used 64770K, committed 65088K, reserved 1114112K
  class space    used 7467K, committed 7616K, reserved 1048576K
}
Event: 6.457 GC heap before
{Heap before GC invocations=22 (full 0):
 garbage-first heap   total 105472K, used 81627K [0x000000008a600000, 0x0000000100000000)
  region size 1024K, 32 young (32768K), 4 survivors (4096K)
 Metaspace       used 66778K, committed 67136K, reserved 1114112K
  class space    used 7693K, committed 7872K, reserved 1048576K
}

